  IrisSDK_example.cpp
C:\Users\RMcWilliam\Desktop\Repository\irisSDK_for_windows\libraries\ic4_library\iriscontrols4.h(188,34): warning C4244: '=': conversion from 'u64' to 'volatile u32', possible loss of data
C:\Users\RMcWilliam\Desktop\Repository\irisSDK_for_windows\libraries\ic4_library\device_drivers\windows\IC4_windows.h(264,30): warning C4129: 'W': unrecognized character escape sequence
C:\Users\RMcWilliam\Desktop\Repository\irisSDK_for_windows\libraries\ic4_library\device_drivers\windows\IC4_windows.h(173,1): warning C4312: 'type cast': conversion from 'DWORD' to 'LPCWSTR' of greater size
C:\Users\RMcWilliam\Desktop\Repository\irisSDK_for_windows\libraries\modbus_client\modbus_client_application.h(313,26): warning C4244: '=': conversion from 'uint16_t' to 'uint8_t', possible loss of data
C:\Users\RMcWilliam\Desktop\Repository\irisSDK_for_windows\libraries\modbus_client\modbus_client_application.h(315,26): warning C4244: '=': conversion from 'uint16_t' to 'uint8_t', possible loss of data
C:\Users\RMcWilliam\Desktop\Repository\irisSDK_for_windows\libraries\modbus_client\device_drivers\windows\windows_modbus_client.h(341,1): warning C4267: 'argument': conversion from 'size_t' to 'DWORD', possible loss of data
C:\Users\RMcWilliam\Desktop\Repository\irisSDK_for_windows\libraries\modbus_client\device_drivers\windows\windows_modbus_client.h(349,1): warning C4312: 'type cast': conversion from 'DWORD' to 'LPCWSTR' of greater size
C:\Users\RMcWilliam\Desktop\Repository\irisSDK_for_windows\libraries\modbus_client\device_drivers\windows\windows_modbus_client.h(438,1): warning C4312: 'type cast': conversion from 'DWORD' to 'LPCWSTR' of greater size
C:\Users\RMcWilliam\Desktop\Repository\irisSDK_for_windows\libraries\modbus_client\device_drivers\windows\windows_modbus_client.h(498,31): warning C4244: 'return': conversion from 'LONGLONG' to 'uint32_t', possible loss of data
C:\Users\RMcWilliam\Desktop\Repository\irisSDK_for_windows\libraries\modbus_client\device_applications\actuator.h(232,38): warning C4244: '=': conversion from 'uint64_t' to 'uint32_t', possible loss of data
C:\Users\RMcWilliam\Desktop\Repository\irisSDK_for_windows\libraries\modbus_client\device_applications\actuator.h(452,43): warning C4244: 'return': conversion from 'uint16_t' to 'uint8_t', possible loss of data
C:\Users\RMcWilliam\Desktop\Repository\irisSDK_for_windows\libraries\modbus_client\device_applications\actuator.h(799,51): warning C4244: 'argument': conversion from 'uint16_t' to 'uint8_t', possible loss of data
C:\Users\RMcWilliam\Desktop\Repository\irisSDK_for_windows\libraries\modbus_client\device_applications\actuator.h(803,52): warning C4244: 'argument': conversion from 'uint16_t' to 'uint8_t', possible loss of data
C:\Users\RMcWilliam\Desktop\Repository\irisSDK_for_windows\Examples_src\IrisSDK_Motor_ConnectionExample\IrisSDK_Example\windows_gui.h(77,33): warning C4244: 'initializing': conversion from 'u64' to 'uint32_t', possible loss of data
C:\Users\RMcWilliam\Desktop\Repository\irisSDK_for_windows\Examples_src\IrisSDK_Motor_ConnectionExample\IrisSDK_Example\windows_gui.h(63,17): warning C4101: 'paramErr': unreferenced local variable
C:\Users\RMcWilliam\Desktop\Repository\irisSDK_for_windows\libraries\ic4_library\io_elements.cpp(444,16): warning C4244: 'argument': conversion from 'double' to 'int', possible loss of data
C:\Users\RMcWilliam\Desktop\Repository\irisSDK_for_windows\libraries\ic4_library\io_elements.cpp(771,16): warning C4244: 'argument': conversion from 'double' to 'int', possible loss of data
C:\Users\RMcWilliam\Desktop\Repository\irisSDK_for_windows\libraries\ic4_library\iriscontrols4.cpp(22,32): warning C4081: expected 'newline'; found '.'
C:\Users\RMcWilliam\Desktop\Repository\irisSDK_for_windows\libraries\ic4_library\iriscontrols4.cpp(67,44): warning C4018: '>': signed/unsigned mismatch
C:\Users\RMcWilliam\Desktop\Repository\irisSDK_for_windows\libraries\irisSDK_libraries\Ramp_Signal.h(62,35): warning C4244: 'initializing': conversion from 'uint64_t' to 'uint32_t', possible loss of data
C:\Users\RMcWilliam\Desktop\Repository\irisSDK_for_windows\libraries\irisSDK_libraries\Square_Wave_Signal.h(44,28): warning C4244: '=': conversion from 'double' to 'uint32_t', possible loss of data
C:\Users\RMcWilliam\Desktop\Repository\irisSDK_for_windows\libraries\irisSDK_libraries\Triangle_Wave_Signal.h(45,26): warning C4244: '=': conversion from 'float' to 'uint32_t', possible loss of data
C:\Users\RMcWilliam\Desktop\Repository\irisSDK_for_windows\libraries\irisSDK_libraries\Triangle_Wave_Signal.h(66,45): warning C4244: '=': conversion from 'unsigned __int64' to 'int32_t', possible loss of data
C:\Users\RMcWilliam\Desktop\Repository\irisSDK_for_windows\libraries\irisSDK_libraries\Triangle_Wave_Signal.h(80,44): warning C4244: '=': conversion from 'unsigned __int64' to 'int32_t', possible loss of data
C:\Users\RMcWilliam\Desktop\Repository\irisSDK_for_windows\libraries\irisSDK_libraries\Sine_Wave_Signal.h(107,24): warning C4244: '=': conversion from 'double' to 'uint32_t', possible loss of data
C:\Users\RMcWilliam\Desktop\Repository\irisSDK_for_windows\libraries\irisSDK_libraries\Sine_Wave_Signal.h(165,38): warning C4244: '=': conversion from 'float' to 'int32_t', possible loss of data
C:\Users\RMcWilliam\Desktop\Repository\irisSDK_for_windows\libraries\irisSDK_libraries\Sine_Wave_Signal.h(186,47): warning C4244: '=': conversion from 'uint64_t' to 'short', possible loss of data
C:\Users\RMcWilliam\Desktop\Repository\irisSDK_for_windows\libraries\irisSDK_libraries\Sine_Wave_Signal.h(191,31): warning C4244: '=': conversion from 'uint64_t' to 'short', possible loss of data
C:\Users\RMcWilliam\Desktop\Repository\irisSDK_for_windows\libraries\irisSDK_libraries\Sine_Wave_Signal.h(196,32): warning C4244: '=': conversion from 'uint64_t' to 'short', possible loss of data
C:\Users\RMcWilliam\Desktop\Repository\irisSDK_for_windows\libraries\irisSDK_libraries\Sine_Wave_Signal.h(201,32): warning C4244: '=': conversion from 'uint64_t' to 'short', possible loss of data
C:\Users\RMcWilliam\Desktop\Repository\irisSDK_for_windows\libraries\irisSDK_libraries\Signal_Panel.cpp(168,24): warning C4244: '=': conversion from 'double' to 'float', possible loss of data
C:\Users\RMcWilliam\Desktop\Repository\irisSDK_for_windows\libraries\irisSDK_libraries\Signal_Panel.cpp(178,24): warning C4244: '=': conversion from 'double' to 'float', possible loss of data
C:\Users\RMcWilliam\Desktop\Repository\irisSDK_for_windows\libraries\irisSDK_libraries\Signal_Panel.cpp(189,24): warning C4244: '=': conversion from 'double' to 'float', possible loss of data
C:\Users\RMcWilliam\Desktop\Repository\irisSDK_for_windows\Examples_src\IrisSDK_Motor_ConnectionExample\IrisSDK_Example\IrisSDK_example.cpp(54,24): warning C4244: 'initializing': conversion from 'double' to '__int64', possible loss of data
  LINK : C:\Users\RMcWilliam\Desktop\Repository\irisSDK_for_windows\Examples_src\IrisSDK_Motor_ConnectionExample\x64\Debug\IrisSDK_Example.exe not found or not built by the last incremental link; performing full link
  IrisSDK_Example.vcxproj -> C:\Users\RMcWilliam\Desktop\Repository\irisSDK_for_windows\Examples_src\IrisSDK_Motor_ConnectionExample\x64\Debug\IrisSDK_Example.exe
